
Source file: L6_2.X68
Assembled on: 16-10-26 at: 19:23:11
          by: X68K PC-2.2 Copyright (c) University of Teesside 1989,96
Defaults: ORG $0/FORMAT/OPT A,BRL,CEX,CL,FRL,MC,MD,NOMEX,NOPCO

    1                        *L6_2.x68     
    2                        
    3  00008000                        ORG       $8000
    4  00008000 41F900009000 START:    LEA       STR1,A0
    5  00008006 43F900009020           LEA       STR2,A1
    6  0000800C 103800FF               MOVE.B    $FF,D0
    7  00008010 1218         START1:   MOVE.B    (A0)+,D1
    8  00008012 1419                   MOVE.B    (A1)+,D2
    9  00008014 B242                   CMP       D2,D1
   10  00008016 67000006               BEQ       EXIT1
   11  0000801A 10380000               MOVE.B    $0,D0
   12  0000801E 0C50000D     EXIT1:    CMPI      #$0D,(A0)
   13  00008022 67000008               BEQ       EXIT
   14  00008026 B07800FF               CMP       $FF,D0
   15  0000802A 66E4                   BNE       START1
   16  0000802C 4E4E         EXIT:     TRAP      #14
   17                         
   18  00009000                        ORG       $9000
   19  00009000 68656C6C6F0D STR1:     DC.B      'hello',$D
   20  00009020                        ORG       $9020
   21  00009020 776F726C640D STR2:     DC.B      'world',$D
   22           00008000               END       START

Lines: 22, Errors: 0, Warnings: 0.
