
Source file: L6_3.X68
Assembled on: 16-10-26 at: 19:23:02
          by: X68K PC-2.2 Copyright (c) University of Teesside 1989,96
Defaults: ORG $0/FORMAT/OPT A,BRL,CEX,CL,FRL,MC,MD,NOMEX,NOPCO

    1                        *L6_3.x68     
    2                        
    3  00008000                        ORG       $8000
    4  00008000 41F900009000 START:    LEA       MATRIX,A0
    5  00008006 0C000002     OUT_:     CMPI.B    #2,D0
    6  0000800A 6E000032               BGT       EXIT
    7  0000800E 1200                   MOVE.B    D0,D1
    8  00008010 5201                   ADD.B     #1,D1
    9  00008012 0C010003     IN_:      CMPI.B    #3,D1
   10  00008016 6E000024               BGT       ADD_I
   11  0000801A 1600                   MOVE.B    D0,D3
   12  0000801C C7FC0004               MULS      #4,D3
   13  00008020 D601                   ADD.B     D1,D3
   14  00008022 14303800               MOVE.B    (A0,D3.L),D2
   15  00008026 1801                   MOVE.B    D1,D4
   16  00008028 C9FC0004               MULS      #4,D4
   17  0000802C D800                   ADD.B     D0,D4
   18  0000802E 11B048003800           MOVE.B    (A0,D4.L),(A0,D3.L)
   19  00008034 11823800               MOVE.B    D2,(A0,D3.L)
   20  00008038 5201                   ADD.B     #1,D1
   21  0000803A 60D6                   BRA       IN_
   22  0000803C 5200         ADD_I:    ADD.B     #1,D0
   23  0000803E 4E4E         EXIT:     TRAP      #14
   24                         
   25  00009000                        ORG       $9000
   26  00009000 01020304     MATRIX:   DC.B      1,2,3,4
   27  00009004 05060708               DC.B      5,6,7,8
   28  00009008 090A0B0C               DC.B      9,10,11,12
   29  0000900C 0D0E0F10               DC.B      13,14,15,16
   30           00008000               END       START

Lines: 30, Errors: 0, Warnings: 0.
