
Source file: L3_4.X68
Assembled on: 16-10-05 at: 17:45:44
          by: X68K PC-2.2 Copyright (c) University of Teesside 1989,96
Defaults: ORG $0/FORMAT/OPT A,BRL,CEX,CL,FRL,MC,MD,NOMEX,NOPCO

    1                        *template
    2                        
    3                        
    4  00008000                        ORG       $8000
    5                        
    6  00008000 303900009000 START:    MOVE.W    VARW,D0
    7  00008006 123900009004           MOVE.B    VARY,D1
    8  0000800C 4881                   EXT.W     D1
    9  0000800E C3C0                   MULS      D0,D1
   10  00008010 343900009002           MOVE.W    VARX,D2
   11  00008016 48C2                   EXT.L     D2
   12  00008018 85FC0003               DIVS      #3,D2
   13  0000801C 3602                   MOVE.W    D2,D3
   14  0000801E D641                   ADD.W     D1,D3
   15  00008020 23C300009006           MOVE.L    D3,VARZ
   16  00008026 283900009006           MOVE.L    VARZ,D4
   17  0000802C 4E4E                   TRAP      #14
   18                            
   19  00009000                        ORG       $9000
   20  00009000 0003         VARW:     DC.W      3
   21  00009002 0002         VARX:     DC.W      2
   22  00009004 01           VARY:     DC.B      1
   23  00009005 00000001               DS.B      1
   24  00009006 00000004     VARZ:     DS.L      1
   25                        
   26           00008000               END       START

Lines: 26, Errors: 0, Warnings: 0.
